TN:
SF:src\errors.ts
FN:37,<instance_members_initializer>
FN:40,ApiError
FN:48,toJSON
FN:53,fromResponseBody
FN:57,isApiError
FNF:5
FNH:5
FNDA:7,<instance_members_initializer>
FNDA:7,ApiError
FNDA:4,toJSON
FNDA:1,fromResponseBody
FNDA:3,isApiError
DA:4,1
DA:5,1
DA:6,1
DA:7,1
DA:8,1
DA:9,1
DA:10,1
DA:11,1
DA:12,1
DA:13,1
DA:14,1
DA:15,1
DA:16,1
DA:17,1
DA:18,1
DA:19,1
DA:20,1
DA:36,1
DA:37,1
DA:38,7
DA:40,1
DA:41,7
DA:42,7
DA:43,7
DA:44,7
DA:45,7
DA:48,1
DA:49,4
DA:50,4
DA:53,1
DA:54,1
DA:55,1
DA:57,1
DA:58,3
DA:59,3
DA:60,1
LF:36
LH:36
BRDA:37,0,0,7
BRDA:40,1,0,7
BRDA:48,2,0,4
BRDA:53,3,0,1
BRDA:57,4,0,3
BRF:5
BRH:5
end_of_record
TN:
SF:src\index.ts
FN:17,ping
FNF:1
FNH:1
FNDA:1,ping
DA:15,1
DA:17,1
DA:18,1
DA:19,1
LF:4
LH:4
BRDA:17,0,0,1
BRF:1
BRH:1
end_of_record
TN:
SF:src\ads\caption.ts
FN:32,buildCaption
FNF:1
FNH:1
FNDA:6,buildCaption
DA:32,1
DA:33,6
DA:34,6
DA:35,6
DA:36,6
DA:37,6
DA:38,6
DA:40,6
DA:41,9
DA:42,1
DA:43,1
DA:44,9
DA:45,9
DA:46,6
DA:47,6
LF:15
LH:15
BRDA:32,0,0,6
BRDA:40,1,0,9
BRDA:41,2,0,2
BRDA:41,3,0,1
BRDA:43,4,0,8
BRDA:44,5,0,1
BRDA:44,6,0,7
BRF:7
BRH:7
end_of_record
TN:
SF:src\ads\currency.ts
FN:17,convertDisplayPrice
FNF:1
FNH:1
FNDA:7,convertDisplayPrice
DA:17,1
DA:18,7
DA:19,7
DA:20,7
DA:21,7
DA:22,7
DA:23,7
DA:24,4
DA:25,4
DA:26,7
DA:27,7
LF:11
LH:11
BRDA:17,0,0,7
BRDA:23,1,0,4
BRDA:24,2,0,1
BRDA:25,3,0,3
BRDA:26,4,0,1
BRF:5
BRH:5
end_of_record
TN:
SF:src\enums\ads.ts
FNF:0
FNH:0
DA:1,1
DA:9,1
DA:10,1
DA:11,1
DA:12,1
DA:14,1
DA:15,1
DA:16,1
DA:17,1
DA:19,1
DA:20,1
DA:21,1
DA:22,1
DA:23,1
DA:24,1
DA:26,1
DA:27,1
DA:28,1
DA:29,1
DA:35,1
DA:36,1
DA:37,1
DA:38,1
DA:39,1
DA:41,1
DA:42,1
DA:43,1
DA:44,1
DA:53,1
DA:54,1
DA:55,1
DA:56,1
DA:57,1
DA:58,1
LF:34
LH:34
BRF:0
BRH:0
end_of_record
TN:
SF:src\enums\events.ts
FNF:0
FNH:0
DA:1,1
DA:6,1
DA:7,1
DA:8,1
DA:9,1
DA:10,1
DA:11,1
DA:12,1
DA:16,1
LF:9
LH:9
BRF:0
BRH:0
end_of_record
TN:
SF:src\enums\index.ts
FNF:0
FNH:0
DA:1,1
DA:11,1
DA:12,1
DA:13,1
DA:14,1
LF:5
LH:5
BRF:0
BRH:0
end_of_record
TN:
SF:src\enums\invert.ts
FN:9,invert
FNF:1
FNH:1
FNDA:37,invert
DA:9,1
DA:10,37
DA:11,37
DA:12,37
DA:13,37
DA:14,114
DA:15,114
DA:16,37
DA:17,37
LF:9
LH:9
BRDA:9,0,0,37
BRDA:13,1,0,114
BRF:2
BRH:2
end_of_record
TN:
SF:src\enums\leads.ts
FNF:0
FNH:0
DA:1,1
DA:7,1
DA:8,1
DA:9,1
DA:10,1
DA:11,1
DA:12,1
DA:13,1
DA:17,1
LF:9
LH:9
BRF:0
BRH:0
end_of_record
TN:
SF:src\enums\publish.ts
FNF:0
FNH:0
DA:9,1
DA:13,1
DA:19,1
DA:24,1
LF:4
LH:4
BRF:0
BRH:0
end_of_record
TN:
SF:src\formatting\date.ts
FN:13,isSecondsShape
FN:27,toValidDate
FN:43,formatCreatedAt
FN:59,formatCallbackDate
FNF:4
FNH:4
FNDA:11,isSecondsShape
FNDA:21,toValidDate
FNDA:6,formatCreatedAt
FNDA:4,formatCallbackDate
DA:13,11
DA:14,11
DA:15,11
DA:16,3
DA:17,3
DA:18,3
DA:20,11
DA:27,1
DA:28,21
DA:30,14
DA:31,19
DA:32,3
DA:33,19
DA:34,3
DA:35,11
DA:36,8
DA:37,8
DA:39,21
DA:40,21
DA:43,1
DA:44,6
DA:45,6
DA:46,1
DA:47,1
DA:48,1
DA:49,1
DA:50,1
DA:51,1
DA:52,1
DA:53,1
DA:54,1
DA:55,1
DA:56,1
DA:59,1
DA:60,4
DA:61,4
DA:62,1
DA:63,1
DA:64,1
DA:65,1
DA:66,1
DA:67,1
DA:68,1
DA:69,1
LF:44
LH:44
BRDA:13,0,0,11
BRDA:15,1,0,3
BRDA:16,2,0,3
BRDA:17,3,0,3
BRDA:27,4,0,21
BRDA:28,5,0,16
BRDA:28,6,0,7
BRDA:28,7,0,19
BRDA:28,8,0,14
BRDA:31,9,0,3
BRDA:33,10,0,11
BRDA:33,11,0,3
BRDA:35,12,0,8
BRDA:37,13,0,14
BRDA:39,14,0,8
BRDA:39,15,0,6
BRDA:43,16,0,6
BRDA:45,17,0,5
BRDA:45,18,0,1
BRDA:59,19,0,4
BRDA:61,20,0,3
BRDA:61,21,0,1
BRF:22
BRH:22
end_of_record
TN:
SF:src\leads\transitions.ts
FN:9,needsCallbackConfirmation
FN:14,needsCommentConfirmation
FN:33,resolveCardMoveAction
FNF:3
FNH:3
FNDA:31,needsCallbackConfirmation
FNDA:26,needsCommentConfirmation
FNDA:26,resolveCardMoveAction
DA:9,1
DA:10,31
DA:11,31
DA:14,1
DA:15,26
DA:16,26
DA:33,1
DA:34,26
DA:35,26
DA:36,26
DA:37,26
DA:38,26
DA:39,5
DA:40,5
DA:41,26
DA:42,10
DA:43,10
DA:44,11
DA:45,11
LF:19
LH:19
BRDA:9,0,0,31
BRDA:14,1,0,26
BRDA:15,2,0,20
BRDA:33,3,0,26
BRDA:38,4,0,5
BRDA:40,5,0,21
BRDA:41,6,0,11
BRDA:41,7,0,10
BRF:8
BRH:8
end_of_record
TN:
SF:src\schemas\ad.ts
FN:11,emptyStringToNull
FN:13,nullableCoercedNumber
FN:16,nullableTrimmedString
FNF:3
FNH:3
FNDA:7,emptyStringToNull
FNDA:8,nullableCoercedNumber
FNDA:8,nullableTrimmedString
DA:1,1
DA:11,1
DA:13,1
DA:14,8
DA:16,1
DA:17,8
DA:19,1
DA:20,1
DA:21,1
DA:22,1
DA:23,1
DA:25,1
DA:26,1
DA:27,1
DA:28,1
DA:29,1
DA:30,1
DA:31,1
DA:32,1
DA:33,1
DA:34,1
DA:35,1
DA:36,1
DA:37,1
DA:38,1
DA:39,1
DA:40,1
DA:41,1
DA:42,1
DA:43,1
DA:44,1
DA:45,1
DA:46,1
DA:47,1
DA:48,1
LF:35
LH:35
BRDA:11,0,0,7
BRDA:11,1,0,2
BRDA:11,2,0,5
BRDA:13,3,0,8
BRDA:16,4,0,8
BRF:5
BRH:5
end_of_record
TN:
SF:src\schemas\lead.ts
FN:14,emptyStringToNull
FNF:1
FNH:1
FNDA:10,emptyStringToNull
DA:1,1
DA:14,1
DA:16,1
DA:17,1
DA:18,1
DA:19,1
DA:20,1
DA:21,1
DA:22,1
DA:23,1
DA:24,1
DA:25,1
DA:26,1
DA:27,1
LF:14
LH:14
BRDA:14,0,0,10
BRDA:14,1,0,3
BRDA:14,2,0,7
BRF:3
BRH:3
end_of_record
TN:
SF:src\schemas\publish.ts
FNF:0
FNH:0
DA:1,1
DA:9,1
DA:10,1
DA:11,1
DA:12,1
DA:13,1
DA:14,1
DA:17,1
DA:18,1
DA:19,1
DA:20,1
DA:21,1
DA:22,1
DA:25,1
DA:26,1
DA:27,1
DA:28,1
DA:29,1
DA:30,1
DA:31,1
DA:34,1
DA:35,1
DA:36,1
DA:37,1
LF:24
LH:24
BRF:0
BRH:0
end_of_record
TN:
SF:src\schemas\user.ts
FNF:0
FNH:0
DA:1,1
DA:8,1
DA:9,1
DA:10,1
DA:11,1
DA:12,1
DA:13,1
DA:16,1
DA:17,1
DA:18,1
DA:19,1
DA:24,1
DA:25,1
DA:26,1
DA:27,1
DA:28,1
DA:29,1
DA:30,1
DA:34,1
DA:35,1
DA:36,1
DA:37,1
DA:38,1
DA:39,1
DA:40,1
DA:44,1
DA:45,1
DA:46,1
DA:47,1
DA:48,1
DA:49,1
DA:50,1
LF:32
LH:32
BRF:0
BRH:0
end_of_record
TN:
SF:src\schemas\zodEnum.ts
FN:8,zodEnumFromKeys
FNF:1
FNH:1
FNDA:15,zodEnumFromKeys
DA:1,1
DA:8,1
DA:9,15
DA:10,15
DA:11,15
DA:12,15
DA:13,15
LF:7
LH:7
BRDA:8,0,0,15
BRF:1
BRH:1
end_of_record
TN:
SF:src\validators\phone.ts
FN:11,isValidUzPhone
FN:30,phoneValidationRule
FNF:2
FNH:2
FNDA:10,isValidUzPhone
FNDA:3,phoneValidationRule
DA:8,1
DA:11,1
DA:12,10
DA:13,10
DA:30,1
DA:31,3
DA:32,3
DA:33,3
DA:34,3
DA:35,3
DA:36,3
DA:37,3
DA:38,3
LF:13
LH:13
BRDA:11,0,0,10
BRDA:30,1,0,3
BRF:2
BRH:2
end_of_record
